=== 2026-03-24T13:11:47.871717 ===
input: /data2/zengjh/301/Ciliated Cells/Ciliated Cells/Ciliated Cells_Ctrl.h5ad
output_dir: /data2/zengjh/301/Ciliated Cells/Ciliated Cells_Ctrl_ouput
command: /data2/zengjh/conda/envs/cell/bin/python /data2/zengjh/301/run_se_pca.py --state-root /data2/zengjh/301/state-main --input /data2/zengjh/301/Ciliated Cells/Ciliated Cells/Ciliated Cells_Ctrl.h5ad --output-dir /data2/zengjh/301/Ciliated Cells/Ciliated Cells_Ctrl_ouput --checkpoint /data2/zengjh/301/se600m_epoch4.ckpt --model-folder /data2/zengjh/301 --protein-embeddings /data2/zengjh/301/protein_embeddings.pt

读取 /data2/zengjh/301/Ciliated Cells/Ciliated Cells/Ciliated Cells_Ctrl.h5ad ...
Running: /data2/zengjh/conda/envs/cell/bin/python -m state emb transform --input /tmp/se_emb_zeh8hwjk/Ciliated Cells_Ctrl_prep_emb.h5ad --output /tmp/se_emb_zeh8hwjk/Ciliated Cells_Ctrl_emb_out.h5ad --embed-key X_state --checkpoint /data2/zengjh/301/se600m_epoch4.ckpt --model-folder /data2/zengjh/301 --protein-embeddings /data2/zengjh/301/protein_embeddings.pt
INFO:state._cli._emb._transform:Using model checkpoint: /data2/zengjh/301/se600m_epoch4.ckpt
INFO:state._cli._emb._transform:Creating inference object
INFO:state._cli._emb._transform:Using protein embeddings override: /data2/zengjh/301/protein_embeddings.pt
INFO:state._cli._emb._transform:Loading model from checkpoint: /data2/zengjh/301/se600m_epoch4.ckpt
INFO:state._cli._emb._transform:Created output directory: /tmp/se_emb_zeh8hwjk
INFO:state._cli._emb._transform:Computing embeddings for /tmp/se_emb_zeh8hwjk/Ciliated Cells_Ctrl_prep_emb.h5ad
INFO:state._cli._emb._transform:Output will be saved to /tmp/se_emb_zeh8hwjk/Ciliated Cells_Ctrl_emb_out.h5ad
INFO:state.emb.inference:Auto-detected gene column: var.index (overlap: 1118/19790 protein embeddings, 100.0% of genes)
INFO:/data2/zengjh/301/state-main/src/state/emb/data/loader.py:1118 genes mapped to embedding file (out of 1118)
!!! 1118 genes mapped to embedding file (out of 1118)

Encoding:   0%|          | 0/10 [00:00<?, ?it/s]
Encoding:  10%|█         | 1/10 [00:01<00:12,  1.38s/it]
Encoding:  20%|██        | 2/10 [00:01<00:06,  1.19it/s]
Encoding:  30%|███       | 3/10 [00:02<00:04,  1.51it/s]
Encoding:  40%|████      | 4/10 [00:02<00:03,  1.74it/s]
Encoding:  50%|█████     | 5/10 [00:03<00:02,  1.90it/s]
Encoding:  60%|██████    | 6/10 [00:03<00:02,  1.99it/s]
Encoding:  70%|███████   | 7/10 [00:04<00:01,  2.05it/s]
Encoding:  80%|████████  | 8/10 [00:04<00:00,  2.09it/s]
Encoding:  90%|█████████ | 9/10 [00:04<00:00,  2.13it/s]
Encoding: 100%|██████████| 10/10 [00:05<00:00,  1.97it/s]
INFO:state._cli._emb._transform:Embedding computation completed successfully!
已写 /data2/zengjh/301/Ciliated Cells/Ciliated Cells_Ctrl_ouput/Ciliated Cells_Ctrl_after_se.h5ad
已写 /data2/zengjh/301/Ciliated Cells/Ciliated Cells_Ctrl_ouput/Ciliated Cells_Ctrl_01_hvgPCA_PC12_Batch.png
2026-03-24 13:16:09,705 - harmonypy - INFO - Running Harmony (PyTorch on cuda)
2026-03-24 13:16:09,705 - harmonypy - INFO -   Parameters:
2026-03-24 13:16:09,705 - harmonypy - INFO -     max_iter_harmony: 20
2026-03-24 13:16:09,705 - harmonypy - INFO -     max_iter_kmeans: 20
2026-03-24 13:16:09,705 - harmonypy - INFO -     epsilon_cluster: 1e-05
2026-03-24 13:16:09,705 - harmonypy - INFO -     epsilon_harmony: 0.0001
2026-03-24 13:16:09,705 - harmonypy - INFO -     nclust: 7
2026-03-24 13:16:09,705 - harmonypy - INFO -     block_size: 0.05
2026-03-24 13:16:09,705 - harmonypy - INFO -     lamb: [1. 1. 1.]
2026-03-24 13:16:09,705 - harmonypy - INFO -     theta: [2. 2. 2.]
2026-03-24 13:16:09,705 - harmonypy - INFO -     sigma: [0.1 0.1 0.1 0.1 0.1]...
2026-03-24 13:16:09,706 - harmonypy - INFO -     verbose: True
2026-03-24 13:16:09,706 - harmonypy - INFO -     random_state: 0
2026-03-24 13:16:09,706 - harmonypy - INFO -   Data: 50 PCs × 219 cells
2026-03-24 13:16:09,706 - harmonypy - INFO -   Batch variables: ['Batch']
2026-03-24 13:16:10,152 - harmonypy - INFO - Computing initial centroids with sklearn.KMeans...
2026-03-24 13:16:10,188 - harmonypy - INFO - KMeans initialization complete.
2026-03-24 13:16:10,380 - harmonypy - INFO - Iteration 1 of 20
2026-03-24 13:16:10,754 - harmonypy - INFO - Iteration 2 of 20
2026-03-24 13:16:10,980 - harmonypy - INFO - Iteration 3 of 20
2026-03-24 13:16:11,140 - harmonypy - INFO - Iteration 4 of 20
2026-03-24 13:16:11,281 - harmonypy - INFO - Iteration 5 of 20
2026-03-24 13:16:11,460 - harmonypy - INFO - Iteration 6 of 20
2026-03-24 13:16:11,654 - harmonypy - INFO - Iteration 7 of 20
2026-03-24 13:16:11,768 - harmonypy - INFO - Iteration 8 of 20
2026-03-24 13:16:11,937 - harmonypy - INFO - Iteration 9 of 20
2026-03-24 13:16:12,052 - harmonypy - INFO - Iteration 10 of 20
2026-03-24 13:16:12,212 - harmonypy - INFO - Converged after 10 iterations
已写 /data2/zengjh/301/Ciliated Cells/Ciliated Cells_Ctrl_ouput/Ciliated Cells_Ctrl_02_state_PC12_Batch.png
已写 /data2/zengjh/301/Ciliated Cells/Ciliated Cells_Ctrl_ouput/Ciliated Cells_Ctrl_03_harmony_PC12_Batch.png
已写 /data2/zengjh/301/Ciliated Cells/Ciliated Cells_Ctrl_ouput/Ciliated Cells_Ctrl_state_emb.h5ad
