=== 2026-03-24T12:48:25.902565 ===
input: /data2/zengjh/301/Club Cells/Club Cells/Club Cells_RC.h5ad
output_dir: /data2/zengjh/301/Club Cells/Club Cells_RC_ouput
command: /data2/zengjh/conda/envs/cell/bin/python /data2/zengjh/301/run_se_pca.py --state-root /data2/zengjh/301/state-main --input /data2/zengjh/301/Club Cells/Club Cells/Club Cells_RC.h5ad --output-dir /data2/zengjh/301/Club Cells/Club Cells_RC_ouput --checkpoint /data2/zengjh/301/se600m_epoch4.ckpt --model-folder /data2/zengjh/301 --protein-embeddings /data2/zengjh/301/protein_embeddings.pt

读取 /data2/zengjh/301/Club Cells/Club Cells/Club Cells_RC.h5ad ...
Running: /data2/zengjh/conda/envs/cell/bin/python -m state emb transform --input /tmp/se_emb__81cjtld/Club Cells_RC_prep_emb.h5ad --output /tmp/se_emb__81cjtld/Club Cells_RC_emb_out.h5ad --embed-key X_state --checkpoint /data2/zengjh/301/se600m_epoch4.ckpt --model-folder /data2/zengjh/301 --protein-embeddings /data2/zengjh/301/protein_embeddings.pt
INFO:state._cli._emb._transform:Using model checkpoint: /data2/zengjh/301/se600m_epoch4.ckpt
INFO:state._cli._emb._transform:Creating inference object
INFO:state._cli._emb._transform:Using protein embeddings override: /data2/zengjh/301/protein_embeddings.pt
INFO:state._cli._emb._transform:Loading model from checkpoint: /data2/zengjh/301/se600m_epoch4.ckpt
INFO:state._cli._emb._transform:Created output directory: /tmp/se_emb__81cjtld
INFO:state._cli._emb._transform:Computing embeddings for /tmp/se_emb__81cjtld/Club Cells_RC_prep_emb.h5ad
INFO:state._cli._emb._transform:Output will be saved to /tmp/se_emb__81cjtld/Club Cells_RC_emb_out.h5ad
INFO:state.emb.inference:Auto-detected gene column: var.index (overlap: 1156/19790 protein embeddings, 100.0% of genes)
INFO:/data2/zengjh/301/state-main/src/state/emb/data/loader.py:1156 genes mapped to embedding file (out of 1156)
!!! 1156 genes mapped to embedding file (out of 1156)

Encoding:   0%|          | 0/11 [00:00<?, ?it/s]
Encoding:   9%|▉         | 1/11 [00:01<00:14,  1.42s/it]
Encoding:  18%|█▊        | 2/11 [00:01<00:07,  1.15it/s]
Encoding:  27%|██▋       | 3/11 [00:02<00:05,  1.47it/s]
Encoding:  36%|███▋      | 4/11 [00:02<00:04,  1.68it/s]
Encoding:  45%|████▌     | 5/11 [00:03<00:03,  1.84it/s]
Encoding:  55%|█████▍    | 6/11 [00:03<00:02,  1.93it/s]
Encoding:  64%|██████▎   | 7/11 [00:04<00:01,  2.03it/s]
Encoding:  73%|███████▎  | 8/11 [00:04<00:01,  2.09it/s]
Encoding:  82%|████████▏ | 9/11 [00:05<00:00,  2.12it/s]
Encoding:  91%|█████████ | 10/11 [00:05<00:00,  2.16it/s]
Encoding: 100%|██████████| 11/11 [00:05<00:00,  1.95it/s]
INFO:state._cli._emb._transform:Embedding computation completed successfully!
已写 /data2/zengjh/301/Club Cells/Club Cells_RC_ouput/Club Cells_RC_after_se.h5ad
已写 /data2/zengjh/301/Club Cells/Club Cells_RC_ouput/Club Cells_RC_01_hvgPCA_PC12_Batch.png
2026-03-24 12:52:51,241 - harmonypy - INFO - Running Harmony (PyTorch on cuda)
2026-03-24 12:52:51,241 - harmonypy - INFO -   Parameters:
2026-03-24 12:52:51,241 - harmonypy - INFO -     max_iter_harmony: 20
2026-03-24 12:52:51,241 - harmonypy - INFO -     max_iter_kmeans: 20
2026-03-24 12:52:51,241 - harmonypy - INFO -     epsilon_cluster: 1e-05
2026-03-24 12:52:51,241 - harmonypy - INFO -     epsilon_harmony: 0.0001
2026-03-24 12:52:51,241 - harmonypy - INFO -     nclust: 8
2026-03-24 12:52:51,241 - harmonypy - INFO -     block_size: 0.05
2026-03-24 12:52:51,242 - harmonypy - INFO -     lamb: [1.]
2026-03-24 12:52:51,242 - harmonypy - INFO -     theta: [2.]
2026-03-24 12:52:51,242 - harmonypy - INFO -     sigma: [0.1 0.1 0.1 0.1 0.1]...
2026-03-24 12:52:51,242 - harmonypy - INFO -     verbose: True
2026-03-24 12:52:51,242 - harmonypy - INFO -     random_state: 0
2026-03-24 12:52:51,242 - harmonypy - INFO -   Data: 50 PCs × 241 cells
2026-03-24 12:52:51,242 - harmonypy - INFO -   Batch variables: ['Batch']
2026-03-24 12:52:51,617 - harmonypy - INFO - Computing initial centroids with sklearn.KMeans...
2026-03-24 12:52:51,659 - harmonypy - INFO - KMeans initialization complete.
2026-03-24 12:52:51,855 - harmonypy - INFO - Iteration 1 of 20
2026-03-24 12:52:52,203 - harmonypy - INFO - Iteration 2 of 20
2026-03-24 12:52:52,399 - harmonypy - INFO - Iteration 3 of 20
2026-03-24 12:52:52,515 - harmonypy - INFO - Iteration 4 of 20
2026-03-24 12:52:52,570 - harmonypy - INFO - Converged after 4 iterations
已写 /data2/zengjh/301/Club Cells/Club Cells_RC_ouput/Club Cells_RC_02_state_PC12_Batch.png
已写 /data2/zengjh/301/Club Cells/Club Cells_RC_ouput/Club Cells_RC_03_harmony_PC12_Batch.png
已写 /data2/zengjh/301/Club Cells/Club Cells_RC_ouput/Club Cells_RC_state_emb.h5ad
