=== 2026-03-24T12:58:22.849516 ===
input: /data2/zengjh/301/T cells/T cells/T cells_Ctrl.h5ad
output_dir: /data2/zengjh/301/T cells/T cells_Ctrl_ouput
command: /data2/zengjh/conda/envs/cell/bin/python /data2/zengjh/301/run_se_pca.py --state-root /data2/zengjh/301/state-main --input /data2/zengjh/301/T cells/T cells/T cells_Ctrl.h5ad --output-dir /data2/zengjh/301/T cells/T cells_Ctrl_ouput --checkpoint /data2/zengjh/301/se600m_epoch4.ckpt --model-folder /data2/zengjh/301 --protein-embeddings /data2/zengjh/301/protein_embeddings.pt

读取 /data2/zengjh/301/T cells/T cells/T cells_Ctrl.h5ad ...
Running: /data2/zengjh/conda/envs/cell/bin/python -m state emb transform --input /tmp/se_emb_o0kcpq7o/T cells_Ctrl_prep_emb.h5ad --output /tmp/se_emb_o0kcpq7o/T cells_Ctrl_emb_out.h5ad --embed-key X_state --checkpoint /data2/zengjh/301/se600m_epoch4.ckpt --model-folder /data2/zengjh/301 --protein-embeddings /data2/zengjh/301/protein_embeddings.pt
INFO:state._cli._emb._transform:Using model checkpoint: /data2/zengjh/301/se600m_epoch4.ckpt
INFO:state._cli._emb._transform:Creating inference object
INFO:state._cli._emb._transform:Using protein embeddings override: /data2/zengjh/301/protein_embeddings.pt
INFO:state._cli._emb._transform:Loading model from checkpoint: /data2/zengjh/301/se600m_epoch4.ckpt
INFO:state._cli._emb._transform:Created output directory: /tmp/se_emb_o0kcpq7o
INFO:state._cli._emb._transform:Computing embeddings for /tmp/se_emb_o0kcpq7o/T cells_Ctrl_prep_emb.h5ad
INFO:state._cli._emb._transform:Output will be saved to /tmp/se_emb_o0kcpq7o/T cells_Ctrl_emb_out.h5ad
INFO:state.emb.inference:Auto-detected gene column: var.index (overlap: 1113/19790 protein embeddings, 100.0% of genes)
INFO:/data2/zengjh/301/state-main/src/state/emb/data/loader.py:1113 genes mapped to embedding file (out of 1113)
!!! 1113 genes mapped to embedding file (out of 1113)

Encoding:   0%|          | 0/44 [00:00<?, ?it/s]
Encoding:   2%|▏         | 1/44 [00:01<00:59,  1.39s/it]
Encoding:   5%|▍         | 2/44 [00:01<00:35,  1.17it/s]
Encoding:   7%|▋         | 3/44 [00:02<00:27,  1.49it/s]
Encoding:   9%|▉         | 4/44 [00:02<00:23,  1.71it/s]
Encoding:  11%|█▏        | 5/44 [00:03<00:21,  1.86it/s]
Encoding:  14%|█▎        | 6/44 [00:03<00:19,  1.96it/s]
Encoding:  16%|█▌        | 7/44 [00:04<00:18,  2.04it/s]
Encoding:  18%|█▊        | 8/44 [00:04<00:17,  2.10it/s]
Encoding:  20%|██        | 9/44 [00:05<00:16,  2.14it/s]
Encoding:  23%|██▎       | 10/44 [00:05<00:15,  2.17it/s]
Encoding:  25%|██▌       | 11/44 [00:05<00:14,  2.20it/s]
Encoding:  27%|██▋       | 12/44 [00:06<00:14,  2.22it/s]
Encoding:  30%|██▉       | 13/44 [00:06<00:14,  2.21it/s]
Encoding:  32%|███▏      | 14/44 [00:07<00:13,  2.21it/s]
Encoding:  34%|███▍      | 15/44 [00:07<00:13,  2.20it/s]
Encoding:  36%|███▋      | 16/44 [00:08<00:12,  2.20it/s]
Encoding:  39%|███▊      | 17/44 [00:08<00:12,  2.20it/s]
Encoding:  41%|████      | 18/44 [00:09<00:11,  2.20it/s]
Encoding:  43%|████▎     | 19/44 [00:09<00:11,  2.20it/s]
Encoding:  45%|████▌     | 20/44 [00:10<00:10,  2.20it/s]
Encoding:  48%|████▊     | 21/44 [00:10<00:10,  2.21it/s]
Encoding:  50%|█████     | 22/44 [00:10<00:09,  2.22it/s]
Encoding:  52%|█████▏    | 23/44 [00:11<00:09,  2.23it/s]
Encoding:  55%|█████▍    | 24/44 [00:11<00:08,  2.24it/s]
Encoding:  57%|█████▋    | 25/44 [00:12<00:08,  2.25it/s]
Encoding:  59%|█████▉    | 26/44 [00:12<00:08,  2.24it/s]
Encoding:  61%|██████▏   | 27/44 [00:13<00:07,  2.23it/s]
Encoding:  64%|██████▎   | 28/44 [00:13<00:07,  2.21it/s]
Encoding:  66%|██████▌   | 29/44 [00:14<00:06,  2.21it/s]
Encoding:  68%|██████▊   | 30/44 [00:14<00:06,  2.21it/s]
Encoding:  70%|███████   | 31/44 [00:14<00:05,  2.20it/s]
Encoding:  73%|███████▎  | 32/44 [00:15<00:05,  2.20it/s]
Encoding:  75%|███████▌  | 33/44 [00:15<00:04,  2.20it/s]
Encoding:  77%|███████▋  | 34/44 [00:16<00:04,  2.20it/s]
Encoding:  80%|███████▉  | 35/44 [00:16<00:04,  2.22it/s]
Encoding:  82%|████████▏ | 36/44 [00:17<00:03,  2.22it/s]
Encoding:  84%|████████▍ | 37/44 [00:17<00:03,  2.23it/s]
Encoding:  86%|████████▋ | 38/44 [00:18<00:02,  2.18it/s]
Encoding:  89%|████████▊ | 39/44 [00:18<00:02,  2.07it/s]
Encoding:  91%|█████████ | 40/44 [00:19<00:01,  2.09it/s]
Encoding:  93%|█████████▎| 41/44 [00:19<00:01,  2.11it/s]
Encoding:  95%|█████████▌| 42/44 [00:20<00:00,  2.14it/s]
Encoding:  98%|█████████▊| 43/44 [00:20<00:00,  2.15it/s]
Encoding: 100%|██████████| 44/44 [00:20<00:00,  2.14it/s]
INFO:state._cli._emb._transform:Embedding computation completed successfully!
已写 /data2/zengjh/301/T cells/T cells_Ctrl_ouput/T cells_Ctrl_after_se.h5ad
已写 /data2/zengjh/301/T cells/T cells_Ctrl_ouput/T cells_Ctrl_01_hvgPCA_PC12_Batch.png
2026-03-24 13:03:08,474 - harmonypy - INFO - Running Harmony (PyTorch on cuda)
2026-03-24 13:03:08,474 - harmonypy - INFO -   Parameters:
2026-03-24 13:03:08,474 - harmonypy - INFO -     max_iter_harmony: 20
2026-03-24 13:03:08,474 - harmonypy - INFO -     max_iter_kmeans: 20
2026-03-24 13:03:08,474 - harmonypy - INFO -     epsilon_cluster: 1e-05
2026-03-24 13:03:08,474 - harmonypy - INFO -     epsilon_harmony: 0.0001
2026-03-24 13:03:08,474 - harmonypy - INFO -     nclust: 35
2026-03-24 13:03:08,474 - harmonypy - INFO -     block_size: 0.05
2026-03-24 13:03:08,475 - harmonypy - INFO -     lamb: [1. 1. 1.]
2026-03-24 13:03:08,475 - harmonypy - INFO -     theta: [2. 2. 2.]
2026-03-24 13:03:08,475 - harmonypy - INFO -     sigma: [0.1 0.1 0.1 0.1 0.1]...
2026-03-24 13:03:08,475 - harmonypy - INFO -     verbose: True
2026-03-24 13:03:08,475 - harmonypy - INFO -     random_state: 0
2026-03-24 13:03:08,475 - harmonypy - INFO -   Data: 50 PCs × 1036 cells
2026-03-24 13:03:08,475 - harmonypy - INFO -   Batch variables: ['Batch']
2026-03-24 13:03:08,806 - harmonypy - INFO - Computing initial centroids with sklearn.KMeans...
2026-03-24 13:03:08,854 - harmonypy - INFO - KMeans initialization complete.
2026-03-24 13:03:09,065 - harmonypy - INFO - Iteration 1 of 20
2026-03-24 13:03:09,528 - harmonypy - INFO - Iteration 2 of 20
2026-03-24 13:03:09,793 - harmonypy - INFO - Iteration 3 of 20
2026-03-24 13:03:10,005 - harmonypy - INFO - Iteration 4 of 20
2026-03-24 13:03:10,198 - harmonypy - INFO - Converged after 4 iterations
已写 /data2/zengjh/301/T cells/T cells_Ctrl_ouput/T cells_Ctrl_02_state_PC12_Batch.png
已写 /data2/zengjh/301/T cells/T cells_Ctrl_ouput/T cells_Ctrl_03_harmony_PC12_Batch.png
已写 /data2/zengjh/301/T cells/T cells_Ctrl_ouput/T cells_Ctrl_state_emb.h5ad
