=== 2026-03-24T13:03:11.362949 ===
input: /data2/zengjh/301/T cells/T cells/T cells_RC.h5ad
output_dir: /data2/zengjh/301/T cells/T cells_RC_ouput
command: /data2/zengjh/conda/envs/cell/bin/python /data2/zengjh/301/run_se_pca.py --state-root /data2/zengjh/301/state-main --input /data2/zengjh/301/T cells/T cells/T cells_RC.h5ad --output-dir /data2/zengjh/301/T cells/T cells_RC_ouput --checkpoint /data2/zengjh/301/se600m_epoch4.ckpt --model-folder /data2/zengjh/301 --protein-embeddings /data2/zengjh/301/protein_embeddings.pt

读取 /data2/zengjh/301/T cells/T cells/T cells_RC.h5ad ...
Running: /data2/zengjh/conda/envs/cell/bin/python -m state emb transform --input /tmp/se_emb_p03nna4q/T cells_RC_prep_emb.h5ad --output /tmp/se_emb_p03nna4q/T cells_RC_emb_out.h5ad --embed-key X_state --checkpoint /data2/zengjh/301/se600m_epoch4.ckpt --model-folder /data2/zengjh/301 --protein-embeddings /data2/zengjh/301/protein_embeddings.pt
INFO:state._cli._emb._transform:Using model checkpoint: /data2/zengjh/301/se600m_epoch4.ckpt
INFO:state._cli._emb._transform:Creating inference object
INFO:state._cli._emb._transform:Using protein embeddings override: /data2/zengjh/301/protein_embeddings.pt
INFO:state._cli._emb._transform:Loading model from checkpoint: /data2/zengjh/301/se600m_epoch4.ckpt
INFO:state._cli._emb._transform:Created output directory: /tmp/se_emb_p03nna4q
INFO:state._cli._emb._transform:Computing embeddings for /tmp/se_emb_p03nna4q/T cells_RC_prep_emb.h5ad
INFO:state._cli._emb._transform:Output will be saved to /tmp/se_emb_p03nna4q/T cells_RC_emb_out.h5ad
INFO:state.emb.inference:Auto-detected gene column: var.index (overlap: 769/19790 protein embeddings, 100.0% of genes)
INFO:/data2/zengjh/301/state-main/src/state/emb/data/loader.py:769 genes mapped to embedding file (out of 769)
!!! 769 genes mapped to embedding file (out of 769)

Encoding:   0%|          | 0/3 [00:00<?, ?it/s]
Encoding:  33%|███▎      | 1/3 [00:01<00:02,  1.40s/it]
Encoding:  67%|██████▋   | 2/3 [00:01<00:00,  1.18it/s]
Encoding: 100%|██████████| 3/3 [00:01<00:00,  1.54it/s]
INFO:state._cli._emb._transform:Embedding computation completed successfully!
已写 /data2/zengjh/301/T cells/T cells_RC_ouput/T cells_RC_after_se.h5ad
已写 /data2/zengjh/301/T cells/T cells_RC_ouput/T cells_RC_01_hvgPCA_PC12_Batch.png
2026-03-24 13:07:27,127 - harmonypy - INFO - Running Harmony (PyTorch on cuda)
2026-03-24 13:07:27,127 - harmonypy - INFO -   Parameters:
2026-03-24 13:07:27,127 - harmonypy - INFO -     max_iter_harmony: 20
2026-03-24 13:07:27,127 - harmonypy - INFO -     max_iter_kmeans: 20
2026-03-24 13:07:27,127 - harmonypy - INFO -     epsilon_cluster: 1e-05
2026-03-24 13:07:27,127 - harmonypy - INFO -     epsilon_harmony: 0.0001
2026-03-24 13:07:27,127 - harmonypy - INFO -     nclust: 2
2026-03-24 13:07:27,127 - harmonypy - INFO -     block_size: 0.05
2026-03-24 13:07:27,128 - harmonypy - INFO -     lamb: [1.]
2026-03-24 13:07:27,128 - harmonypy - INFO -     theta: [2.]
2026-03-24 13:07:27,128 - harmonypy - INFO -     sigma: [0.1 0.1]
2026-03-24 13:07:27,128 - harmonypy - INFO -     verbose: True
2026-03-24 13:07:27,128 - harmonypy - INFO -     random_state: 0
2026-03-24 13:07:27,128 - harmonypy - INFO -   Data: 48 PCs × 49 cells
2026-03-24 13:07:27,128 - harmonypy - INFO -   Batch variables: ['Batch']
2026-03-24 13:07:27,533 - harmonypy - INFO - Computing initial centroids with sklearn.KMeans...
2026-03-24 13:07:27,570 - harmonypy - INFO - KMeans initialization complete.
2026-03-24 13:07:27,772 - harmonypy - INFO - Iteration 1 of 20
2026-03-24 13:07:27,985 - harmonypy - INFO - Iteration 2 of 20
2026-03-24 13:07:28,034 - harmonypy - INFO - Converged after 2 iterations
已写 /data2/zengjh/301/T cells/T cells_RC_ouput/T cells_RC_02_state_PC12_Batch.png
已写 /data2/zengjh/301/T cells/T cells_RC_ouput/T cells_RC_03_harmony_PC12_Batch.png
已写 /data2/zengjh/301/T cells/T cells_RC_ouput/T cells_RC_state_emb.h5ad
