=== 2026-03-24T13:07:29.086508 ===
input: /data2/zengjh/301/T cells/T cells/T cells_RP.h5ad
output_dir: /data2/zengjh/301/T cells/T cells_RP_ouput
command: /data2/zengjh/conda/envs/cell/bin/python /data2/zengjh/301/run_se_pca.py --state-root /data2/zengjh/301/state-main --input /data2/zengjh/301/T cells/T cells/T cells_RP.h5ad --output-dir /data2/zengjh/301/T cells/T cells_RP_ouput --checkpoint /data2/zengjh/301/se600m_epoch4.ckpt --model-folder /data2/zengjh/301 --protein-embeddings /data2/zengjh/301/protein_embeddings.pt

读取 /data2/zengjh/301/T cells/T cells/T cells_RP.h5ad ...
Running: /data2/zengjh/conda/envs/cell/bin/python -m state emb transform --input /tmp/se_emb_30agsime/T cells_RP_prep_emb.h5ad --output /tmp/se_emb_30agsime/T cells_RP_emb_out.h5ad --embed-key X_state --checkpoint /data2/zengjh/301/se600m_epoch4.ckpt --model-folder /data2/zengjh/301 --protein-embeddings /data2/zengjh/301/protein_embeddings.pt
INFO:state._cli._emb._transform:Using model checkpoint: /data2/zengjh/301/se600m_epoch4.ckpt
INFO:state._cli._emb._transform:Creating inference object
INFO:state._cli._emb._transform:Using protein embeddings override: /data2/zengjh/301/protein_embeddings.pt
INFO:state._cli._emb._transform:Loading model from checkpoint: /data2/zengjh/301/se600m_epoch4.ckpt
INFO:state._cli._emb._transform:Created output directory: /tmp/se_emb_30agsime
INFO:state._cli._emb._transform:Computing embeddings for /tmp/se_emb_30agsime/T cells_RP_prep_emb.h5ad
INFO:state._cli._emb._transform:Output will be saved to /tmp/se_emb_30agsime/T cells_RP_emb_out.h5ad
INFO:state.emb.inference:Auto-detected gene column: var.index (overlap: 928/19790 protein embeddings, 100.0% of genes)
INFO:/data2/zengjh/301/state-main/src/state/emb/data/loader.py:928 genes mapped to embedding file (out of 928)
!!! 928 genes mapped to embedding file (out of 928)

Encoding:   0%|          | 0/5 [00:00<?, ?it/s]
Encoding:  20%|██        | 1/5 [00:01<00:05,  1.40s/it]
Encoding:  40%|████      | 2/5 [00:01<00:02,  1.17it/s]
Encoding:  60%|██████    | 3/5 [00:02<00:01,  1.49it/s]
Encoding:  80%|████████  | 4/5 [00:02<00:00,  1.70it/s]
Encoding: 100%|██████████| 5/5 [00:03<00:00,  2.07it/s]
Encoding: 100%|██████████| 5/5 [00:03<00:00,  1.62it/s]
INFO:state._cli._emb._transform:Embedding computation completed successfully!
已写 /data2/zengjh/301/T cells/T cells_RP_ouput/T cells_RP_after_se.h5ad
已写 /data2/zengjh/301/T cells/T cells_RP_ouput/T cells_RP_01_hvgPCA_PC12_Batch.png
2026-03-24 13:11:45,747 - harmonypy - INFO - Running Harmony (PyTorch on cuda)
2026-03-24 13:11:45,765 - harmonypy - INFO -   Parameters:
2026-03-24 13:11:45,765 - harmonypy - INFO -     max_iter_harmony: 20
2026-03-24 13:11:45,765 - harmonypy - INFO -     max_iter_kmeans: 20
2026-03-24 13:11:45,765 - harmonypy - INFO -     epsilon_cluster: 1e-05
2026-03-24 13:11:45,765 - harmonypy - INFO -     epsilon_harmony: 0.0001
2026-03-24 13:11:45,765 - harmonypy - INFO -     nclust: 4
2026-03-24 13:11:45,765 - harmonypy - INFO -     block_size: 0.05
2026-03-24 13:11:45,765 - harmonypy - INFO -     lamb: [1.]
2026-03-24 13:11:45,765 - harmonypy - INFO -     theta: [2.]
2026-03-24 13:11:45,766 - harmonypy - INFO -     sigma: [0.1 0.1 0.1 0.1]
2026-03-24 13:11:45,766 - harmonypy - INFO -     verbose: True
2026-03-24 13:11:45,766 - harmonypy - INFO -     random_state: 0
2026-03-24 13:11:45,766 - harmonypy - INFO -   Data: 50 PCs × 111 cells
2026-03-24 13:11:45,766 - harmonypy - INFO -   Batch variables: ['Batch']
2026-03-24 13:11:46,165 - harmonypy - INFO - Computing initial centroids with sklearn.KMeans...
2026-03-24 13:11:46,201 - harmonypy - INFO - KMeans initialization complete.
2026-03-24 13:11:46,398 - harmonypy - INFO - Iteration 1 of 20
2026-03-24 13:11:46,660 - harmonypy - INFO - Iteration 2 of 20
2026-03-24 13:11:46,713 - harmonypy - INFO - Converged after 2 iterations
已写 /data2/zengjh/301/T cells/T cells_RP_ouput/T cells_RP_02_state_PC12_Batch.png
已写 /data2/zengjh/301/T cells/T cells_RP_ouput/T cells_RP_03_harmony_PC12_Batch.png
已写 /data2/zengjh/301/T cells/T cells_RP_ouput/T cells_RP_state_emb.h5ad
